<?xml version="1.0" encoding="UTF-8"?>
<testsuite name="DragAndDropTest" tests="1" skipped="0" failures="0" errors="0" timestamp="2024-12-03T17:53:07" hostname="DESKTOP-9S7F8F1" time="8.563">
  <properties/>
  <testcase name="dragAndDrop()" classname="DragAndDropTest" time="8.563"/>
  <system-out><![CDATA[]]></system-out>
  <system-err><![CDATA[[Test worker] INFO com.codeborne.selenide.WebDriverThreadLocalContainer - No webdriver is bound to current thread: 1 - let's create a new webdriver
[Test worker] INFO com.codeborne.selenide.impl.FileHelper - Creating folder: C:\Users\Alisa\IdeaProjects\HW5\build\downloads\1733248387357_17100_1
дек. 03, 2024 8:53:08 PM org.openqa.selenium.devtools.CdpVersionFinder findNearestMatch
WARNING: Unable to find an exact match for CDP version 131, returning the closest version; found: 129; Please update to a Selenium version that supports CDP version 131
[Test worker] INFO com.codeborne.selenide.webdriver.WebDriverFactory - BrowserName=MicrosoftEdge Version=131.0.2903.70 Platform=windows
[Test worker] INFO com.codeborne.selenide.webdriver.WebDriverFactory - Selenide v. 7.5.1
[Test worker] INFO com.codeborne.selenide.webdriver.WebDriverFactory - Selenium WebDriver v. 4.25.0 build revision: 8a8aea2337
[Test worker] INFO com.codeborne.selenide.drivercommands.CreateDriverCommand - Created webdriver in thread 1: EdgeDriver -> EdgeDriver: MicrosoftEdge on windows (10222a446744d9cbe5b0b5d89db3fa61), downloadsFolder: C:\Users\Alisa\IdeaProjects\HW5\build\downloads\1733248387357_17100_1
[Test worker] INFO com.codeborne.selenide.drivercommands.DisposablesRegistry - Register WebDriverInstance[config=com.codeborne.selenide.ThreadLocalSelenideConfig@5dda14d0, webDriver=EdgeDriver: MicrosoftEdge on windows (10222a446744d9cbe5b0b5d89db3fa61), proxy=null, downloadsFolder=C:\Users\Alisa\IdeaProjects\HW5\build\downloads\1733248387357_17100_1] in 1 [size=1]
[Test worker] INFO com.codeborne.selenide.drivercommands.DisposablesRegistry - Add shutdown hook in 1 [size=1]
]]></system-err>
</testsuite>
